<?xml version="1.0" encoding="UTF-8"?>
<testsuite name="ScrabbleScoreTest" tests="3" skipped="0" failures="0" errors="0" timestamp="2016-04-19T17:55:12" hostname="epicodus-42.local" time="0.002">
  <properties/>
  <testcase name="calculateScrabbleScore_SumofLetters_Integer" classname="ScrabbleScoreTest" time="0.002"/>
  <testcase name="calculateScrabbleScore_ReturnForUpperandLowercase_Integer" classname="ScrabbleScoreTest" time="0.0"/>
  <testcase name="calculateScrabbleScore_ReturnScoreForSingleLetter_1" classname="ScrabbleScoreTest" time="0.0"/>
  <system-out><![CDATA[]]></system-out>
  <system-err><![CDATA[]]></system-err>
</testsuite>
